<?xml version="1.0" encoding="UTF-8"?>
<!-- Generated by org.testng.reporters.JUnitReportReporter -->
<testsuite hostname="PranushaTarun" failures="0" tests="2" name="testng_Suite1.Module2" time="0.022" errors="0" timestamp="2022-11-28T06:23:04 EST" skipped="0">
  <testcase classname="testng_Suite1.Module2" name="test002" time="0.004"/>
  <system-out/>
  <testcase classname="testng_Suite1.Module2" name="test001" time="0.018"/>
  <system-out/>
</testsuite> <!-- testng_Suite1.Module2 -->
