<?xml version="1.0" encoding="UTF-8"?>
<!-- Generated by org.testng.reporters.JUnitReportReporter -->
<testsuite hostname="PranushaTarun" failures="0" tests="2" name="testng_Suite1.Module2" time="0.019" errors="0" timestamp="2022-11-28T11:21:47 EST" skipped="0">
  <testcase classname="testng_Suite1.Module2" name="test001" time="0.018"/>
  <system-out/>
  <testcase classname="testng_Suite1.Module2" name="test002" time="0.001"/>
  <system-out/>
</testsuite> <!-- testng_Suite1.Module2 -->
